
> wazassist-ai@1.0.0 dev
> nodemon backend/src/index.js

[33m[nodemon] 3.1.11[39m
[33m[nodemon] to restart at any time, enter `rs`[39m
[33m[nodemon] watching path(s): *.*[39m
[33m[nodemon] watching extensions: js,mjs,cjs,json[39m
[32m[nodemon] starting `node backend/src/index.js`[39m
file:///Users/bmic/Documents/NEW_AI_APP_Benvisoft/WazAssist_App_CP/backend/src/services/ai.service.js:968
1. Be warm, friendly, and professional
   ^^

SyntaxError: Unexpected identifier 'Be'
    at compileSourceTextModule (node:internal/modules/esm/utils:346:16)
    at ModuleLoader.moduleStrategy (node:internal/modules/esm/translators:107:18)
    at #translate (node:internal/modules/esm/loader:546:20)
    at afterLoad (node:internal/modules/esm/loader:596:29)
    at ModuleLoader.loadAndTranslate (node:internal/modules/esm/loader:601:12)
    at #createModuleJob (node:internal/modules/esm/loader:624:36)
    at #getJobFromResolveResult (node:internal/modules/esm/loader:343:34)
    at ModuleLoader.getModuleJobForImport (node:internal/modules/esm/loader:311:41)
    at process.processTicksAndRejections (node:internal/process/task_queues:105:5)

Node.js v22.20.0
[31m[nodemon] app crashed - waiting for file changes before starting...[39m
node:events:497
      throw er; // Unhandled 'error' event
      ^

Error: read EIO
    at TTY.onStreamRead (node:internal/stream_base_commons:216:20)
Emitted 'error' event on ReadStream instance at:
    at emitErrorNT (node:internal/streams/destroy:170:8)
    at emitErrorCloseNT (node:internal/streams/destroy:129:3)
    at process.processTicksAndRejections (node:internal/process/task_queues:90:21) {
  errno: -5,
  code: 'EIO',
  syscall: 'read'
}

Node.js v22.20.0
